// 重构日志: 117e7e7f
// 重构日志: 979372f9
// 同步 ID: 9ef6a2fc @ Mon Jun 15 02:38:39 UTC 2026
// 同步 ID: a65d6242 @ Tue Jun 16 00:48:27 UTC 2026
// 重构日志: 23098d47
// 同步 ID: efd5f7a4 @ Fri Jun 19 02:13:12 UTC 2026
// 同步 ID: 4d25c7b6 @ Fri Jun 19 12:48:28 UTC 2026
// 同步 ID: 4ddc511a @ Fri Jun 19 18:45:14 UTC 2026
// 重构日志: 1ded3196
// 重构日志: b3d75dd8
// 重构日志: cf302f8d
// 同步 ID: 3893e517 @ Tue Jun 23 11:21:51 UTC 2026
// 重构日志: ee6305a6
// 重构日志: a315b0c7
// 重构日志: 5817e1fe
// 同步 ID: 4b7300ad @ Thu Jun 25 15:29:24 UTC 2026
// 重构日志: 270c46dd
// 重构日志: f5627687
// 重构日志: 76014504
// 重构日志: 0fd6df92
// 重构日志: efecb5dd
// 重构日志: b75cc525
// 重构日志: 3446a375
// 重构日志: 35bf59d1
// 重构日志: 48c4b2b4
// 重构日志: eccb84cf
// 同步 ID: ea357ee4 @ Tue Jun 30 15:58:09 UTC 2026
// 重构日志: c5c2c912
// 同步 ID: 869e325d @ Wed Jul  1 11:03:20 UTC 2026
// 同步 ID: a6d7de15 @ Wed Jul  1 14:02:56 UTC 2026
